C51 COMPILER V9.00   HC_SR04                                                               08/16/2015 23:21:07 PAGE 1   


C51 COMPILER V9.00, COMPILATION OF MODULE HC_SR04
OBJECT MODULE PLACED IN ..\OUT\hc_sr04.obj
COMPILER INVOKED BY: C:\Keil\C51\BIN\C51.EXE ..\SRC\hc_sr04.c BROWSE INCDIR(..\INC;..\SRC) DEBUG OBJECTEXTEND PRINT(..\L
                    -ISTING\hc_sr04.lst) OBJECT(..\OUT\hc_sr04.obj)

line level    source

   1          /*---------------------------------------------------------------*-
   2             Author        : Spencer Scott
   3             Email         : spencerscott@gmail.com
   4             Last modified : 2015-08-11 04:33
   5             Filename      : hc_sr04.c
   6            ---------------------------------------------------------------
   7             
   8             Simple ultrasonic module library
   9          -*---------------------------------------------------------------*/
  10           
  11          #include "main.h"
  12          #include "timeout.h"
  13          #include "port.h"
  14          
  15          #include "hc_sr04.h"
  16          
  17          // ------ Private function prototypes ---------------------
  18          
  19          static void HC_SR04_Trigger(void);
  20          
  21          /*---------------------------------------------------------------*-
  22           * HC_SR04_Init()
  23           * 
  24           * Initialization function for HC_SR04 library
  25          -*---------------------------------------------------------------*/
  26          void HC_SR04_Init(void)
  27          {
  28   1              Echo_pin = 1;   // Sets Echo pin as input for receiving echo
  29   1              Trig_pin = 0;   // Sets Trig pin as output for sending tirgger
  30   1              TMOD = 0x10;    // Sets timer 1 as mode 1 16-bit timer
  31   1              EA  = 1;
  32   1              ET1 = 1;
  33   1              TR1 = 0;
  34   1              TF1 = 0;
  35   1      }
  36          
  37          
  38          /*---------------------------------------------------------------*-
  39           * HC_SR04_Trigger()
  40           * 
  41           * Gives 20us width for the trigger pulse
  42          -*---------------------------------------------------------------*/
  43          void HC_SR04_Trigger(void)
  44          {
  45   1              Trig_pin = 1;   // Starts the trigger pulse
  46   1              Delay_10us();
  47   1              Delay_10us();   
  48   1              Trig_pin = 0;   // ends the trigger pulse
  49   1      }
  50          
  51          
  52          /*---------------------------------------------------------------*-
  53           * HC_SR04_Get_Distance()
  54           * 
C51 COMPILER V9.00   HC_SR04                                                               08/16/2015 23:21:07 PAGE 2   

  55           * Returns the data measured by sensor
  56           * NOTE: the value is 10 x magnification than the original
  57           * e.g.  original         return value
  58           *           12.3cm           123cm
  59          -*---------------------------------------------------------------*/
  60          unsigned int
  61          HC_SR04_Get_Distance(void)
  62          {
  63   1              unsigned int time, distance;
  64   1              // Prepares for measuring hight input IO duration
  65   1              TH1 = 0;
  66   1              TL1 = 0;
  67   1              TF1 = 0;
  68   1              
  69   1              HC_SR04_Trigger();
  70   1              while (!Echo_pin)
  71   1                      ;
  72   1              TR1 = 1;        // Starts timer 1
  73   1              while (Echo_pin)
  74   1                      ;
  75   1              TR1 = 0;        // Ends timer 1
  76   1      
  77   1              if (TF1) {
  78   2                      distance = 9999;
  79   2              } else {
  80   2                      time = TH1 * 256 + TL1;
  81   2                      //distance = time * 344 / 2 / 1000000 * 100; // (cm)
  82   2                      distance = time *  0.172 + 0.5;         // 10 x magnification
  83   2              }
  84   1              return distance;
  85   1      }


MODULE INFORMATION:   STATIC OVERLAYABLE
   CODE SIZE        =    111    ----
   CONSTANT SIZE    =   ----    ----
   XDATA SIZE       =   ----    ----
   PDATA SIZE       =   ----    ----
   DATA SIZE        =   ----       2
   IDATA SIZE       =   ----    ----
   BIT SIZE         =   ----    ----
END OF MODULE INFORMATION.


C51 COMPILATION COMPLETE.  0 WARNING(S),  0 ERROR(S)
