C51 COMPILER V9.00   MAIN                                                                  08/16/2015 23:21:07 PAGE 1   


C51 COMPILER V9.00, COMPILATION OF MODULE MAIN
OBJECT MODULE PLACED IN ..\OUT\main.obj
COMPILER INVOKED BY: C:\Keil\C51\BIN\C51.EXE ..\MAIN\main.c BROWSE INCDIR(..\INC;..\SRC) DEBUG OBJECTEXTEND PRINT(..\LIS
                    -TING\main.lst) OBJECT(..\OUT\main.obj)

line level    source

   1          #include "main.h"
   2          #include "timeout.h"
   3          #include "lcd12864.h"
   4          
   5          unsigned char code First_line[]  = "first line";
   6          unsigned char code Second_line[] = "second line";
   7          unsigned char code Third_line[]  = "thrid line";
   8          unsigned char code Fourth_line[] = "fourth line";
   9          
  10          void main()
  11          {
  12   1              uchar i;
  13   1              LCD12864_Init();
  14   1              LCD12864_Locate(0, 0);
  15   1              i = 0;
  16   1              while (First_line[i] != '\0') {
  17   2                      LCD12864_Write_Data(First_line[i]);
  18   2                      i++;
  19   2              }
  20   1              LCD12864_Locate(1, 0);
  21   1              i = 0;
  22   1              while (Second_line[i] != '\0') {
  23   2                      LCD12864_Write_Data(Second_line[i]);
  24   2                      i++;
  25   2              }
  26   1              LCD12864_Locate(2, 0);
  27   1              i = 0;
  28   1              while (Third_line[i] != '\0') {
  29   2                      LCD12864_Write_Data(Third_line[i]);
  30   2                      i++;
  31   2              }
  32   1              LCD12864_Locate(3, 0);
  33   1              i = 0;
  34   1              while (Fourth_line[i] != '\0') {
  35   2                      LCD12864_Write_Data(Fourth_line[i]);
  36   2                      i++;
  37   2              }
  38   1      
  39   1      
  40   1              while (1)
  41   1                      ;
  42   1      }
  43          


MODULE INFORMATION:   STATIC OVERLAYABLE
   CODE SIZE        =    108    ----
   CONSTANT SIZE    =     46    ----
   XDATA SIZE       =   ----    ----
   PDATA SIZE       =   ----    ----
   DATA SIZE        =   ----       1
   IDATA SIZE       =   ----    ----
   BIT SIZE         =   ----    ----
END OF MODULE INFORMATION.

C51 COMPILER V9.00   MAIN                                                                  08/16/2015 23:21:07 PAGE 2   


C51 COMPILATION COMPLETE.  0 WARNING(S),  0 ERROR(S)
