C51 COMPILER V9.00   SCREEN                                                                08/16/2015 23:21:08 PAGE 1   


C51 COMPILER V9.00, COMPILATION OF MODULE SCREEN
OBJECT MODULE PLACED IN ..\OUT\screen.obj
COMPILER INVOKED BY: C:\Keil\C51\BIN\C51.EXE ..\SRC\screen.c BROWSE INCDIR(..\INC;..\SRC) DEBUG OBJECTEXTEND PRINT(..\LI
                    -STING\screen.lst) OBJECT(..\OUT\screen.obj)

line level    source

   1          #include "main.h"
   2          #include "uart.h"
   3          
   4          #include "screen.h"
   5          
   6          #ifdef USE_UART1
                      #define UART_Send_Char          UART1_Send_Char
                      #define UART_Send_String        UART1_Send_String
              #else
  10                  #define UART_Send_Char          UART2_Send_Char
  11                  #define UART_Send_String        UART2_Send_String
  12          #endif
  13          
  14          // ------ Private function prototypes ---------------------
  15          
  16          static void SCREEN_Send_End(void);
  17          
  18          /*---------------------------------------------------------------*-
  19           * SCREEN_Send_CMD()
  20           * 
  21           * Sends corresponding command to the touch screen
  22          -*---------------------------------------------------------------*/
  23          void SCREEN_Send_CMD(unsigned char *CMD)
  24          {
  25   1              SCREEN_Send_End();
  26   1              UART_Send_String(CMD);
  27   1              SCREEN_Send_End();
  28   1      }
  29          
  30          
  31          /*---------------------------------------------------------------*-
  32           * SCREEN_Display()
  33           * 
  34           * Displays the user messages on the screen
  35          -*---------------------------------------------------------------*/
  36          void SCREEN_Display(unsigned char *MESSAGE)
  37          {
  38   1              unsigned char xdata buf[64];
  39   1              sprintf(buf, "t0.txt=t0.txt+\"%s\"", MESSAGE);
  40   1              SCREEN_Send_CMD(buf);
  41   1      }
  42          
  43          /*---------------------------------------------------------------*-
  44           * SCREEN_Display_AD()
  45           * 
  46           * Displays the user messages on the screen
  47          -*---------------------------------------------------------------*/
  48          void SCREEN_Display_AD(unsigned char REGION, double MESSAGE)
  49          {
  50   1              unsigned char xdata buf[64];
  51   1              if (REGION == U1_VOLTAGE) {
  52   2                      sprintf(buf, "t0.txt=\"%.3fV\"", MESSAGE);
  53   2              } else if (REGION == U2_VOLTAGE) {
  54   2                      sprintf(buf, "t1.txt=\"%.3fV\"", MESSAGE);
C51 COMPILER V9.00   SCREEN                                                                08/16/2015 23:21:08 PAGE 2   

  55   2              } else if (REGION == I2_CURRENT) {
  56   2                      sprintf(buf, "t2.txt=\"%.2fA\"", MESSAGE);
  57   2              }
  58   1              SCREEN_Send_CMD(buf);
  59   1      }
  60          
  61          /*---------------------------------------------------------------*-
  62           * SCREEN_Send_End()
  63           * 
  64           * Appends terminal bytes at the end of string
  65          -*---------------------------------------------------------------*/
  66          void SCREEN_Send_End(void)
  67          {
  68   1              UART_Send_Char(0xFF);
  69   1              UART_Send_Char(0xFF);
  70   1              UART_Send_Char(0xFF);
  71   1      }
  72          
  73          


MODULE INFORMATION:   STATIC OVERLAYABLE
   CODE SIZE        =    152    ----
   CONSTANT SIZE    =     64    ----
   XDATA SIZE       =   ----     128
   PDATA SIZE       =   ----    ----
   DATA SIZE        =   ----      11
   IDATA SIZE       =   ----    ----
   BIT SIZE         =   ----    ----
END OF MODULE INFORMATION.


C51 COMPILATION COMPLETE.  0 WARNING(S),  0 ERROR(S)
