C51 COMPILER V9.00   TIMEOUT                                                               08/16/2015 23:21:07 PAGE 1   


C51 COMPILER V9.00, COMPILATION OF MODULE TIMEOUT
OBJECT MODULE PLACED IN ..\OUT\timeout.obj
COMPILER INVOKED BY: C:\Keil\C51\BIN\C51.EXE ..\SRC\timeout.c BROWSE INCDIR(..\INC;..\SRC) DEBUG OBJECTEXTEND PRINT(..\L
                    -ISTING\timeout.lst) OBJECT(..\OUT\timeout.obj)

line level    source

   1          /*---------------------------------------------------------------*-
   2             Author        : Spencer Scott
   3             Email         : spencerscott@gmail.com
   4             Last modified : 2015-08-11 04:52
   5             Filename      : timeout.c
   6            ---------------------------------------------------------------
   7             
   8             - See timeout.h for details.
   9          -*---------------------------------------------------------------*/
  10           
  11          #include "timeout.h"
  12          
  13          void Delay_10us(void)
  14          {
  15   1              // Configure Timer 0 as a 16-bit timer
  16   1              TMOD &= 0xF0;   // Clear all T0 bits (T1 left unchanged)
  17   1              TMOD |= 0x01;   // Set required T0 bits (T1 left unchanged)
  18   1              AUXR |= 0x80;   // Set T0x12 bit
  19   1      
  20   1              ET0 = 0;                // No interrupts
  21   1      
  22   1              // Simple timeout feature - approx 50us
  23   1              TH0 = T_10us_H;
  24   1              TL0 = T_10us_L;
  25   1              TF0 = 0;
  26   1              TR0 = 1;
  27   1      
  28   1              while (!TF0);
  29   1              TR0 = 0;
  30   1      }
  31          
  32          void Delay_50us(void)
  33          {
  34   1              // Configure Timer 0 as a 16-bit timer
  35   1              TMOD &= 0xF0;   // Clear all T0 bits (T1 left unchanged)
  36   1              TMOD |= 0x01;   // Set required T0 bits (T1 left unchanged)
  37   1              AUXR |= 0x80;   // Set T0x12 bit
  38   1      
  39   1              ET0 = 0;                // No interrupts
  40   1      
  41   1              // Simple timeout feature - approx 50us
  42   1              TH0 = T_50us_H;
  43   1              TL0 = T_50us_L;
  44   1              TF0 = 0;
  45   1              TR0 = 1;
  46   1      
  47   1              while (!TF0);
  48   1              TR0 = 0;
  49   1      }
  50          void Delay_500us(void)
  51          {
  52   1              // Configure Timer 0 as a 16-bit timer
  53   1              TMOD &= 0xF0;   // Clear all T0 bits (T1 left unchanged)
  54   1              TMOD |= 0x01;   // Set required T0 bits (T1 left unchanged)
C51 COMPILER V9.00   TIMEOUT                                                               08/16/2015 23:21:07 PAGE 2   

  55   1              AUXR |= 0x80;   // Set T0x12 bit
  56   1      
  57   1              ET0 = 0;                // No interrupts
  58   1      
  59   1              // Simple timeout feature - approx 500us
  60   1              TH0 = T_500us_H;
  61   1              TL0 = T_500us_L;
  62   1              TF0 = 0;
  63   1              TR0 = 1;
  64   1      
  65   1              while (!TF0);
  66   1              TR0 = 0;
  67   1      }
  68          void Delay_1ms(void)
  69          {
  70   1              // Configure Timer 0 as a 16-bit timer
  71   1              TMOD &= 0xF0;   // Clear all T0 bits (T1 left unchanged)
  72   1              TMOD |= 0x01;   // Set required T0 bits (T1 left unchanged)
  73   1              AUXR |= 0x80;   // Set T0x12 bit
  74   1      
  75   1              ET0 = 0;                // No interrupts
  76   1      
  77   1              // Simple timeout feature - approx 1ms
  78   1              TH0 = T_1ms_H;
  79   1              TL0 = T_1ms_L;
  80   1              TF0 = 0;
  81   1              TR0 = 1;
  82   1      
  83   1              while (!TF0);
  84   1              TR0 = 0;
  85   1      }
  86          void Delay_5ms(void)
  87          {
  88   1              // Configure Timer 0 as a 16-bit timer
  89   1              TMOD &= 0xF0;   // Clear all T0 bits (T1 left unchanged)
  90   1              TMOD |= 0x01;   // Set required T0 bits (T1 left unchanged)
  91   1              AUXR |= 0x80;   // Set T0x12 bit
  92   1      
  93   1              ET0 = 0;                // No interrupts
  94   1      
  95   1              // Simple timeout feature - approx 5ms
  96   1              TH0 = T_5ms_H;
  97   1              TL0 = T_5ms_L;
  98   1              TF0 = 0;
  99   1              TR0 = 1;
 100   1      
 101   1              while (!TF0);
 102   1              TR0 = 0;
 103   1      }
 104          void Delay_10ms(void)
 105          {
 106   1              // Configure Timer 0 as a 16-bit timer
 107   1              TMOD &= 0xF0;   // Clear all T0 bits (T1 left unchanged)
 108   1              TMOD |= 0x01;   // Set required T0 bits (T1 left unchanged)
 109   1              AUXR |= 0x80;   // Set T0x12 bit
 110   1      
 111   1              ET0 = 0;                // No interrupts
 112   1      
 113   1              // Simple timeout feature - approx 10ms
 114   1              TH0 = T_10ms_H;
 115   1              TL0 = T_10ms_L;
 116   1              TF0 = 0;
C51 COMPILER V9.00   TIMEOUT                                                               08/16/2015 23:21:07 PAGE 3   

 117   1              TR0 = 1;
 118   1      
 119   1              while (!TF0);
 120   1              TR0 = 0;
 121   1      }
 122          void Delay_15ms(void)
 123          {
 124   1              // Configure Timer 0 as a 16-bit timer
 125   1              TMOD &= 0xF0;   // Clear all T0 bits (T1 left unchanged)
 126   1              TMOD |= 0x01;   // Set required T0 bits (T1 left unchanged)
 127   1              AUXR |= 0x80;   // Set T0x12 bit
 128   1      
 129   1              ET0 = 0;                // No interrupts
 130   1      
 131   1              // Simple timeout feature - approx 15ms
 132   1              TH0 = T_15ms_H;
 133   1              TL0 = T_15ms_L;
 134   1              TF0 = 0;
 135   1              TR0 = 1;
 136   1      
 137   1              while (!TF0);
 138   1              TR0 = 0;
 139   1      }
 140          void Delay_20ms(void)
 141          {
 142   1              // Configure Timer 0 as a 16-bit timer
 143   1              TMOD &= 0xF0;   // Clear all T0 bits (T1 left unchanged)
 144   1              TMOD |= 0x01;   // Set required T0 bits (T1 left unchanged)
 145   1              AUXR |= 0x80;   // Set T0x12 bit
 146   1      
 147   1              ET0 = 0;                // No interrupts
 148   1      
 149   1              // Simple timeout feature - approx 20ms
 150   1              TH0 = T_20ms_H;
 151   1              TL0 = T_20ms_L;
 152   1              TF0 = 0;
 153   1              TR0 = 1;
 154   1      
 155   1              while (!TF0);
 156   1              TR0 = 0 ;
 157   1      }
 158          void Delay_50ms(void)
 159          {
 160   1              // Configure Timer 0 as a 16-bit timer
 161   1              TMOD &= 0xF0;   // Clear all T0 bits (T1 left unchanged)
 162   1              TMOD |= 0x01;   // Set required T0 bits (T1 left unchanged)
 163   1              AUXR |= 0x80;   // Set T0x12 bit
 164   1      
 165   1              ET0 = 0;                // No interrupts
 166   1      
 167   1              // Simple timeout feature - approx 50ms
 168   1              TH0 = T_50ms_H;
 169   1              TL0 = T_50ms_L;
 170   1              TF0 = 0;
 171   1              TR0 = 1;
 172   1      
 173   1              while (!TF0);
 174   1              TR0 = 0;
 175   1      }
 176          
 177          void Delay_500ms(void)
 178          {
C51 COMPILER V9.00   TIMEOUT                                                               08/16/2015 23:21:07 PAGE 4   

 179   1              int i = 0;
 180   1              for (; i < 500; i++)
 181   1                      Delay_1ms();
 182   1      }
 183          
 184          void Delay_1s(void)
 185          {
 186   1              int i = 0;
 187   1              for (; i < 1000; i++)
 188   1                      Delay_1ms();
 189   1      }
 190          
 191          
 192          void Delay_1us(void)
 193          {
 194   1              _nop_();
 195   1      }
 196          
 197          void Delay_2us(void)
 198          {
 199   1              _nop_();
 200   1              _nop_();
 201   1              _nop_();
 202   1              _nop_();
 203   1              _nop_();
 204   1              _nop_();
 205   1              _nop_();
 206   1              _nop_();
 207   1              _nop_();
 208   1              _nop_();
 209   1              _nop_();
 210   1      }
 211          
 212          void Delay_3us(void)
 213          {
 214   1              Delay_1us();
 215   1              Delay_1us();
 216   1              Delay_1us();
 217   1      }
 218          
 219          void Delay_4us(void)
 220          {
 221   1              Delay_1us();
 222   1              Delay_1us();
 223   1              Delay_1us();
 224   1              Delay_1us();
 225   1      }
 226          
 227          void Delay_5us(void)
 228          {
 229   1              Delay_1us();
 230   1              Delay_1us();
 231   1              Delay_1us();
 232   1              Delay_1us();
 233   1              _nop_();
 234   1              _nop_();
 235   1              _nop_();
 236   1              _nop_();
 237   1              _nop_();
 238   1              _nop_();
 239   1              _nop_();
 240   1      }
C51 COMPILER V9.00   TIMEOUT                                                               08/16/2015 23:21:07 PAGE 5   



MODULE INFORMATION:   STATIC OVERLAYABLE
   CODE SIZE        =    328    ----
   CONSTANT SIZE    =   ----    ----
   XDATA SIZE       =   ----    ----
   PDATA SIZE       =   ----    ----
   DATA SIZE        =   ----    ----
   IDATA SIZE       =   ----    ----
   BIT SIZE         =   ----    ----
END OF MODULE INFORMATION.


C51 COMPILATION COMPLETE.  0 WARNING(S),  0 ERROR(S)
